<?xml version="1.0" encoding="UTF-8"?>
<!-- Generated by org.testng.reporters.JUnitXMLReporter -->
<testsuite ignored="0" hostname="Sarbs-MBP" failures="0" tests="9" name="Surefire test" time="154.096" errors="0" timestamp="2024-04-08T19:16:47 EDT">
  <testcase classname="com.crm.qa.testcases.ContactsPageTest" name="verifyContactsPageLabelTest" time="0.13"/>
  <testcase classname="com.crm.qa.testcases.ContactsPageTest" name="selectContactsByNameTest" time="3.512"/>
  <testcase classname="com.crm.qa.testcases.ContactsPageTest" name="validateCreateNewContact" time="1.621"/>
  <testcase classname="com.crm.qa.testcases.ContactsPageTest" name="validateCreateNewContact" time="1.465"/>
  <testcase classname="com.crm.qa.testcases.HomePageTest" name="verifyHomePageTitleTest" time="0.008"/>
  <testcase classname="com.crm.qa.testcases.HomePageTest" name="verifyUserLoggedInTest" time="0.697"/>
  <testcase classname="com.crm.qa.testcases.HomePageTest" name="verfiyContactsLinkTest" time="1.001"/>
  <testcase classname="com.crm.qa.testcases.LoginPageTest" name="loginPageTitleTest" time="2.279"/>
  <testcase classname="com.crm.qa.testcases.LoginPageTest" name="loginTest" time="2.84"/>
</testsuite> <!-- Surefire test -->
