<?xml version="1.0" encoding="UTF-8"?>
<!-- Generated by org.testng.reporters.JUnitXMLReporter -->
<testsuite ignored="0" hostname="Sarbs-MBP" failures="0" tests="9" name="Free CRM Test cases" time="148.398" errors="0" timestamp="2024-04-08T17:45:41 EDT">
  <testcase classname="com.crm.qa.testcases.ContactsPageTest" name="verifyContactsPageLabelTest" time="0.128"/>
  <testcase classname="com.crm.qa.testcases.ContactsPageTest" name="selectContactsByNameTest" time="3.433"/>
  <testcase classname="com.crm.qa.testcases.ContactsPageTest" name="validateCreateNewContact" time="1.55"/>
  <testcase classname="com.crm.qa.testcases.ContactsPageTest" name="validateCreateNewContact" time="1.407"/>
  <testcase classname="com.crm.qa.testcases.HomePageTest" name="verifyHomePageTitleTest" time="0.01"/>
  <testcase classname="com.crm.qa.testcases.HomePageTest" name="verifyUserLoggedInTest" time="0.727"/>
  <testcase classname="com.crm.qa.testcases.HomePageTest" name="verfiyContactsLinkTest" time="1.219"/>
  <testcase classname="com.crm.qa.testcases.LoginPageTest" name="loginPageTitleTest" time="2.509"/>
  <testcase classname="com.crm.qa.testcases.LoginPageTest" name="loginTest" time="3.103"/>
</testsuite> <!-- Free CRM Test cases -->
