<?xml version="1.0" encoding="UTF-8"?>
<testsuite xmlns:xsi="http://www.w3.org/2001/XMLSchema-instance" xsi:noNamespaceSchemaLocation="https://maven.apache.org/surefire/maven-surefire-plugin/xsd/surefire-test-report-3.0.xsd" version="3.0" name="TestSuite" time="155.088" tests="9" errors="0" skipped="0" failures="0">
  <properties>
[...]
</properties>
  <testcase name="verifyContactsPageLabelTest" classname="com.crm.qa.testcases.ContactsPageTest" time="0.13">
    <system-out><![CDATA[Started Looking for By.xpath: //a[@href='https://ui.freecrm.com']
Found element By.xpath: //a[@href='https://ui.freecrm.com'] looking for Decorated {[[FirefoxDriver: firefox on mac (f224fc42-3a4f-48cc-9a6f-9aa733250942)] -> xpath: //a[@href='https://ui.freecrm.com']]}
Started Looking for By.name: email
Found element By.name: email looking for Decorated {[[FirefoxDriver: firefox on mac (f224fc42-3a4f-48cc-9a6f-9aa733250942)] -> name: email]}
Started Looking for By.name: password
Found element By.name: password looking for Decorated {[[FirefoxDriver: firefox on mac (f224fc42-3a4f-48cc-9a6f-9aa733250942)] -> name: password]}
Started Looking for By.xpath: //div[contains(text(), 'Login')]
Found element By.xpath: //div[contains(text(), 'Login')] looking for Decorated {[[FirefoxDriver: firefox on mac (f224fc42-3a4f-48cc-9a6f-9aa733250942)] -> xpath: //div[contains(text(), 'Login')]]}
Started Looking for By.xpath: //span[contains(text(), 'Contacts')]
Found element By.xpath: //span[contains(text(), 'Contacts')] looking for Decorated {[[FirefoxDriver: firefox on mac (f224fc42-3a4f-48cc-9a6f-9aa733250942)] -> xpath: //span[contains(text(), 'Contacts')]]}
Started Looking for By.xpath: //span[contains(@class,'selectable')]
Found element By.xpath: //span[contains(@class,'selectable')] looking for Decorated {[[FirefoxDriver: firefox on mac (f224fc42-3a4f-48cc-9a6f-9aa733250942)] -> xpath: //span[contains(@class,'selectable')]]}
]]></system-out>
    <system-err><![CDATA[SLF4J: Failed to load class "org.slf4j.impl.StaticLoggerBinder".
SLF4J: Defaulting to no-operation (NOP) logger implementation
SLF4J: See http://www.slf4j.org/codes.html#StaticLoggerBinder for further details.
]]></system-err>
  </testcase>
  <testcase name="selectContactsByNameTest" classname="com.crm.qa.testcases.ContactsPageTest" time="3.523">
    <system-out><![CDATA[Started Looking for By.xpath: //a[@href='https://ui.freecrm.com']
Found element By.xpath: //a[@href='https://ui.freecrm.com'] looking for Decorated {[[FirefoxDriver: firefox on mac (3effef49-cdaf-4192-8b6d-cb927b0790bc)] -> xpath: //a[@href='https://ui.freecrm.com']]}
Started Looking for By.name: email
Found element By.name: email looking for Decorated {[[FirefoxDriver: firefox on mac (3effef49-cdaf-4192-8b6d-cb927b0790bc)] -> name: email]}
Started Looking for By.name: password
Found element By.name: password looking for Decorated {[[FirefoxDriver: firefox on mac (3effef49-cdaf-4192-8b6d-cb927b0790bc)] -> name: password]}
Started Looking for By.xpath: //div[contains(text(), 'Login')]
Found element By.xpath: //div[contains(text(), 'Login')] looking for Decorated {[[FirefoxDriver: firefox on mac (3effef49-cdaf-4192-8b6d-cb927b0790bc)] -> xpath: //div[contains(text(), 'Login')]]}
Started Looking for By.xpath: //span[contains(text(), 'Contacts')]
Found element By.xpath: //span[contains(text(), 'Contacts')] looking for Decorated {[[FirefoxDriver: firefox on mac (3effef49-cdaf-4192-8b6d-cb927b0790bc)] -> xpath: //span[contains(text(), 'Contacts')]]}
Started Looking for By.xpath: //a[text() = 'sam dhillon']//parent::td//preceding-sibling::td//div
Found element By.xpath: //a[text() = 'sam dhillon']//parent::td//preceding-sibling::td//div looking for Decorated {[[FirefoxDriver: firefox on mac (3effef49-cdaf-4192-8b6d-cb927b0790bc)] -> xpath: //a[text() = 'sam dhillon']//parent::td//preceding-sibling::td//div]}
]]></system-out>
  </testcase>
  <testcase name="validateCreateNewContact[George, Bush](1)" classname="com.crm.qa.testcases.ContactsPageTest" time="1.621">
    <system-out><![CDATA[Started Looking for By.xpath: //a[@href='https://ui.freecrm.com']
Found element By.xpath: //a[@href='https://ui.freecrm.com'] looking for Decorated {[[FirefoxDriver: firefox on mac (95224003-9f77-458f-a92d-cb3da69a2a42)] -> xpath: //a[@href='https://ui.freecrm.com']]}
Started Looking for By.name: email
Found element By.name: email looking for Decorated {[[FirefoxDriver: firefox on mac (95224003-9f77-458f-a92d-cb3da69a2a42)] -> name: email]}
Started Looking for By.name: password
Found element By.name: password looking for Decorated {[[FirefoxDriver: firefox on mac (95224003-9f77-458f-a92d-cb3da69a2a42)] -> name: password]}
Started Looking for By.xpath: //div[contains(text(), 'Login')]
Found element By.xpath: //div[contains(text(), 'Login')] looking for Decorated {[[FirefoxDriver: firefox on mac (95224003-9f77-458f-a92d-cb3da69a2a42)] -> xpath: //div[contains(text(), 'Login')]]}
Started Looking for By.xpath: //span[contains(text(), 'Contacts')]
Found element By.xpath: //span[contains(text(), 'Contacts')] looking for Decorated {[[FirefoxDriver: firefox on mac (95224003-9f77-458f-a92d-cb3da69a2a42)] -> xpath: //span[contains(text(), 'Contacts')]]}
Started Looking for By.xpath: //span[contains(text(), 'Contacts')]
Found element By.xpath: //span[contains(text(), 'Contacts')] looking for Decorated {[[FirefoxDriver: firefox on mac (95224003-9f77-458f-a92d-cb3da69a2a42)] -> xpath: //span[contains(text(), 'Contacts')]]}
Started Looking for By.xpath: //span[text() = 'Contacts']//parent::a//following-sibling::button
Found element By.xpath: //span[text() = 'Contacts']//parent::a//following-sibling::button looking for Decorated {[[FirefoxDriver: firefox on mac (95224003-9f77-458f-a92d-cb3da69a2a42)] -> xpath: //span[text() = 'Contacts']//parent::a//following-sibling::button]}
Started Looking for By.xpath: //input[@name = 'first_name']
Found element By.xpath: //input[@name = 'first_name'] looking for Decorated {[[FirefoxDriver: firefox on mac (95224003-9f77-458f-a92d-cb3da69a2a42)] -> xpath: //input[@name = 'first_name']]}
Started Looking for By.xpath: //input[@name = 'last_name']
Found element By.xpath: //input[@name = 'last_name'] looking for Decorated {[[FirefoxDriver: firefox on mac (95224003-9f77-458f-a92d-cb3da69a2a42)] -> xpath: //input[@name = 'last_name']]}
Started Looking for By.xpath: //button[@class='ui linkedin button']
Found element By.xpath: //button[@class='ui linkedin button'] looking for Decorated {[[FirefoxDriver: firefox on mac (95224003-9f77-458f-a92d-cb3da69a2a42)] -> xpath: //button[@class='ui linkedin button']]}
]]></system-out>
  </testcase>
  <testcase name="validateCreateNewContact[David , Chris](2)" classname="com.crm.qa.testcases.ContactsPageTest" time="1.467">
    <system-out><![CDATA[Started Looking for By.xpath: //a[@href='https://ui.freecrm.com']
Found element By.xpath: //a[@href='https://ui.freecrm.com'] looking for Decorated {[[FirefoxDriver: firefox on mac (5d8e1b17-f827-472d-8219-2407122a3d24)] -> xpath: //a[@href='https://ui.freecrm.com']]}
Started Looking for By.name: email
Found element By.name: email looking for Decorated {[[FirefoxDriver: firefox on mac (5d8e1b17-f827-472d-8219-2407122a3d24)] -> name: email]}
Started Looking for By.name: password
Found element By.name: password looking for Decorated {[[FirefoxDriver: firefox on mac (5d8e1b17-f827-472d-8219-2407122a3d24)] -> name: password]}
Started Looking for By.xpath: //div[contains(text(), 'Login')]
Found element By.xpath: //div[contains(text(), 'Login')] looking for Decorated {[[FirefoxDriver: firefox on mac (5d8e1b17-f827-472d-8219-2407122a3d24)] -> xpath: //div[contains(text(), 'Login')]]}
Started Looking for By.xpath: //span[contains(text(), 'Contacts')]
Found element By.xpath: //span[contains(text(), 'Contacts')] looking for Decorated {[[FirefoxDriver: firefox on mac (5d8e1b17-f827-472d-8219-2407122a3d24)] -> xpath: //span[contains(text(), 'Contacts')]]}
Started Looking for By.xpath: //span[contains(text(), 'Contacts')]
Found element By.xpath: //span[contains(text(), 'Contacts')] looking for Decorated {[[FirefoxDriver: firefox on mac (5d8e1b17-f827-472d-8219-2407122a3d24)] -> xpath: //span[contains(text(), 'Contacts')]]}
Started Looking for By.xpath: //span[text() = 'Contacts']//parent::a//following-sibling::button
Found element By.xpath: //span[text() = 'Contacts']//parent::a//following-sibling::button looking for Decorated {[[FirefoxDriver: firefox on mac (5d8e1b17-f827-472d-8219-2407122a3d24)] -> xpath: //span[text() = 'Contacts']//parent::a//following-sibling::button]}
Started Looking for By.xpath: //input[@name = 'first_name']
Found element By.xpath: //input[@name = 'first_name'] looking for Decorated {[[FirefoxDriver: firefox on mac (5d8e1b17-f827-472d-8219-2407122a3d24)] -> xpath: //input[@name = 'first_name']]}
Started Looking for By.xpath: //input[@name = 'last_name']
Found element By.xpath: //input[@name = 'last_name'] looking for Decorated {[[FirefoxDriver: firefox on mac (5d8e1b17-f827-472d-8219-2407122a3d24)] -> xpath: //input[@name = 'last_name']]}
Started Looking for By.xpath: //button[@class='ui linkedin button']
Found element By.xpath: //button[@class='ui linkedin button'] looking for Decorated {[[FirefoxDriver: firefox on mac (5d8e1b17-f827-472d-8219-2407122a3d24)] -> xpath: //button[@class='ui linkedin button']]}
]]></system-out>
  </testcase>
  <testcase name="verifyHomePageTitleTest" classname="com.crm.qa.testcases.HomePageTest" time="0.009">
    <system-out><![CDATA[Started Looking for By.xpath: //a[@href='https://ui.freecrm.com']
Found element By.xpath: //a[@href='https://ui.freecrm.com'] looking for Decorated {[[FirefoxDriver: firefox on mac (c53e2494-acd1-4265-bc38-fed5bfe54358)] -> xpath: //a[@href='https://ui.freecrm.com']]}
Started Looking for By.name: email
Found element By.name: email looking for Decorated {[[FirefoxDriver: firefox on mac (c53e2494-acd1-4265-bc38-fed5bfe54358)] -> name: email]}
Started Looking for By.name: password
Found element By.name: password looking for Decorated {[[FirefoxDriver: firefox on mac (c53e2494-acd1-4265-bc38-fed5bfe54358)] -> name: password]}
Started Looking for By.xpath: //div[contains(text(), 'Login')]
Found element By.xpath: //div[contains(text(), 'Login')] looking for Decorated {[[FirefoxDriver: firefox on mac (c53e2494-acd1-4265-bc38-fed5bfe54358)] -> xpath: //div[contains(text(), 'Login')]]}
]]></system-out>
  </testcase>
  <testcase name="verifyUserLoggedInTest" classname="com.crm.qa.testcases.HomePageTest" time="0.698">
    <system-out><![CDATA[Started Looking for By.xpath: //a[@href='https://ui.freecrm.com']
Found element By.xpath: //a[@href='https://ui.freecrm.com'] looking for Decorated {[[FirefoxDriver: firefox on mac (17e1a177-5356-49d9-84dd-3d395cdfde2c)] -> xpath: //a[@href='https://ui.freecrm.com']]}
Started Looking for By.name: email
Found element By.name: email looking for Decorated {[[FirefoxDriver: firefox on mac (17e1a177-5356-49d9-84dd-3d395cdfde2c)] -> name: email]}
Started Looking for By.name: password
Found element By.name: password looking for Decorated {[[FirefoxDriver: firefox on mac (17e1a177-5356-49d9-84dd-3d395cdfde2c)] -> name: password]}
Started Looking for By.xpath: //div[contains(text(), 'Login')]
Found element By.xpath: //div[contains(text(), 'Login')] looking for Decorated {[[FirefoxDriver: firefox on mac (17e1a177-5356-49d9-84dd-3d395cdfde2c)] -> xpath: //div[contains(text(), 'Login')]]}
Started Looking for By.xpath: //span[@class='user-display']
Found element By.xpath: //span[@class='user-display'] looking for Decorated {[[FirefoxDriver: firefox on mac (17e1a177-5356-49d9-84dd-3d395cdfde2c)] -> xpath: //span[@class='user-display']]}
]]></system-out>
  </testcase>
  <testcase name="verfiyContactsLinkTest" classname="com.crm.qa.testcases.HomePageTest" time="1.007">
    <system-out><![CDATA[Started Looking for By.xpath: //a[@href='https://ui.freecrm.com']
Found element By.xpath: //a[@href='https://ui.freecrm.com'] looking for Decorated {[[FirefoxDriver: firefox on mac (dc40df37-651c-486c-bfdf-26e08f1bbd0d)] -> xpath: //a[@href='https://ui.freecrm.com']]}
Started Looking for By.name: email
Found element By.name: email looking for Decorated {[[FirefoxDriver: firefox on mac (dc40df37-651c-486c-bfdf-26e08f1bbd0d)] -> name: email]}
Started Looking for By.name: password
Found element By.name: password looking for Decorated {[[FirefoxDriver: firefox on mac (dc40df37-651c-486c-bfdf-26e08f1bbd0d)] -> name: password]}
Started Looking for By.xpath: //div[contains(text(), 'Login')]
Found element By.xpath: //div[contains(text(), 'Login')] looking for Decorated {[[FirefoxDriver: firefox on mac (dc40df37-651c-486c-bfdf-26e08f1bbd0d)] -> xpath: //div[contains(text(), 'Login')]]}
Started Looking for By.xpath: //span[contains(text(), 'Contacts')]
Found element By.xpath: //span[contains(text(), 'Contacts')] looking for Decorated {[[FirefoxDriver: firefox on mac (dc40df37-651c-486c-bfdf-26e08f1bbd0d)] -> xpath: //span[contains(text(), 'Contacts')]]}
]]></system-out>
  </testcase>
  <testcase name="loginPageTitleTest" classname="com.crm.qa.testcases.LoginPageTest" time="2.281">
    <system-out><![CDATA[Started Looking for By.xpath: //a[@href='https://ui.freecrm.com']
Found element By.xpath: //a[@href='https://ui.freecrm.com'] looking for Decorated {[[FirefoxDriver: firefox on mac (f90ed76d-6d79-45b1-9260-a7937e67c567)] -> xpath: //a[@href='https://ui.freecrm.com']]}
]]></system-out>
  </testcase>
  <testcase name="loginTest" classname="com.crm.qa.testcases.LoginPageTest" time="2.842">
    <system-out><![CDATA[Started Looking for By.xpath: //a[@href='https://ui.freecrm.com']
Found element By.xpath: //a[@href='https://ui.freecrm.com'] looking for Decorated {[[FirefoxDriver: firefox on mac (2f1d2fc0-1fc3-417e-bce6-d5ec209b7242)] -> xpath: //a[@href='https://ui.freecrm.com']]}
Started Looking for By.name: email
Found element By.name: email looking for Decorated {[[FirefoxDriver: firefox on mac (2f1d2fc0-1fc3-417e-bce6-d5ec209b7242)] -> name: email]}
Started Looking for By.name: password
Found element By.name: password looking for Decorated {[[FirefoxDriver: firefox on mac (2f1d2fc0-1fc3-417e-bce6-d5ec209b7242)] -> name: password]}
Started Looking for By.xpath: //div[contains(text(), 'Login')]
Found element By.xpath: //div[contains(text(), 'Login')] looking for Decorated {[[FirefoxDriver: firefox on mac (2f1d2fc0-1fc3-417e-bce6-d5ec209b7242)] -> xpath: //div[contains(text(), 'Login')]]}
]]></system-out>
  </testcase>
</testsuite>