<?xml version="1.0" encoding="UTF-8"?>
<testng-results ignored="0" total="9" passed="9" failed="0" skipped="0">
  <reporter-output>
  </reporter-output>
  <suite started-at="2024-04-08T17:43:13 EDT" name="Free CRM Automation test suite" finished-at="2024-04-08T17:45:41 EDT" duration-ms="148398">
    <groups>
    </groups>
    <test started-at="2024-04-08T17:43:13 EDT" name="Free CRM Test cases" finished-at="2024-04-08T17:45:41 EDT" duration-ms="148398">
      <class name="com.crm.qa.testcases.HomePageTest">
        <test-method is-config="true" signature="setUp()[pri:0, instance:com.crm.qa.testcases.HomePageTest@37afeb11]" started-at="2024-04-08T17:44:42 EDT" name="setUp" finished-at="2024-04-08T17:44:53 EDT" duration-ms="10454" status="PASS">
          <reporter-output>
          </reporter-output>
        </test-method> <!-- setUp -->
        <test-method signature="verifyHomePageTitleTest()[pri:1, instance:com.crm.qa.testcases.HomePageTest@37afeb11]" started-at="2024-04-08T17:44:53 EDT" name="verifyHomePageTitleTest" finished-at="2024-04-08T17:44:53 EDT" duration-ms="10" status="PASS">
          <reporter-output>
          </reporter-output>
        </test-method> <!-- verifyHomePageTitleTest -->
        <test-method is-config="true" signature="tearDown()[pri:0, instance:com.crm.qa.testcases.HomePageTest@37afeb11]" started-at="2024-04-08T17:44:53 EDT" name="tearDown" finished-at="2024-04-08T17:44:54 EDT" duration-ms="801" status="PASS">
          <reporter-output>
          </reporter-output>
        </test-method> <!-- tearDown -->
        <test-method is-config="true" signature="setUp()[pri:0, instance:com.crm.qa.testcases.HomePageTest@37afeb11]" started-at="2024-04-08T17:44:54 EDT" name="setUp" finished-at="2024-04-08T17:45:05 EDT" duration-ms="10878" status="PASS">
          <reporter-output>
          </reporter-output>
        </test-method> <!-- setUp -->
        <test-method signature="verifyUserLoggedInTest()[pri:2, instance:com.crm.qa.testcases.HomePageTest@37afeb11]" started-at="2024-04-08T17:45:05 EDT" name="verifyUserLoggedInTest" finished-at="2024-04-08T17:45:05 EDT" duration-ms="727" status="PASS">
          <reporter-output>
          </reporter-output>
        </test-method> <!-- verifyUserLoggedInTest -->
        <test-method is-config="true" signature="tearDown()[pri:0, instance:com.crm.qa.testcases.HomePageTest@37afeb11]" started-at="2024-04-08T17:45:05 EDT" name="tearDown" finished-at="2024-04-08T17:45:06 EDT" duration-ms="836" status="PASS">
          <reporter-output>
          </reporter-output>
        </test-method> <!-- tearDown -->
        <test-method is-config="true" signature="setUp()[pri:0, instance:com.crm.qa.testcases.HomePageTest@37afeb11]" started-at="2024-04-08T17:45:06 EDT" name="setUp" finished-at="2024-04-08T17:45:17 EDT" duration-ms="10931" status="PASS">
          <reporter-output>
          </reporter-output>
        </test-method> <!-- setUp -->
        <test-method signature="verfiyContactsLinkTest()[pri:3, instance:com.crm.qa.testcases.HomePageTest@37afeb11]" started-at="2024-04-08T17:45:17 EDT" name="verfiyContactsLinkTest" finished-at="2024-04-08T17:45:18 EDT" duration-ms="1219" status="PASS">
          <reporter-output>
          </reporter-output>
        </test-method> <!-- verfiyContactsLinkTest -->
        <test-method is-config="true" signature="tearDown()[pri:0, instance:com.crm.qa.testcases.HomePageTest@37afeb11]" started-at="2024-04-08T17:45:18 EDT" name="tearDown" finished-at="2024-04-08T17:45:19 EDT" duration-ms="842" status="PASS">
          <reporter-output>
          </reporter-output>
        </test-method> <!-- tearDown -->
      </class> <!-- com.crm.qa.testcases.HomePageTest -->
      <class name="com.crm.qa.testcases.ContactsPageTest">
        <test-method is-config="true" signature="setUp()[pri:0, instance:com.crm.qa.testcases.ContactsPageTest@1d9b7cce]" started-at="2024-04-08T17:43:13 EDT" name="setUp" finished-at="2024-04-08T17:43:35 EDT" duration-ms="21801" status="PASS">
          <reporter-output>
          </reporter-output>
        </test-method> <!-- setUp -->
        <test-method signature="verifyContactsPageLabelTest()[pri:1, instance:com.crm.qa.testcases.ContactsPageTest@1d9b7cce]" started-at="2024-04-08T17:43:35 EDT" name="verifyContactsPageLabelTest" finished-at="2024-04-08T17:43:35 EDT" duration-ms="128" status="PASS">
          <reporter-output>
          </reporter-output>
        </test-method> <!-- verifyContactsPageLabelTest -->
        <test-method is-config="true" signature="tearDown()[pri:0, instance:com.crm.qa.testcases.ContactsPageTest@1d9b7cce]" started-at="2024-04-08T17:43:35 EDT" name="tearDown" finished-at="2024-04-08T17:43:36 EDT" duration-ms="999" status="PASS">
          <reporter-output>
          </reporter-output>
        </test-method> <!-- tearDown -->
        <test-method is-config="true" signature="setUp()[pri:0, instance:com.crm.qa.testcases.ContactsPageTest@1d9b7cce]" started-at="2024-04-08T17:43:36 EDT" name="setUp" finished-at="2024-04-08T17:43:55 EDT" duration-ms="18971" status="PASS">
          <reporter-output>
          </reporter-output>
        </test-method> <!-- setUp -->
        <test-method signature="selectContactsByNameTest()[pri:2, instance:com.crm.qa.testcases.ContactsPageTest@1d9b7cce]" started-at="2024-04-08T17:43:55 EDT" name="selectContactsByNameTest" finished-at="2024-04-08T17:43:58 EDT" duration-ms="3433" status="PASS">
          <reporter-output>
          </reporter-output>
        </test-method> <!-- selectContactsByNameTest -->
        <test-method is-config="true" signature="tearDown()[pri:0, instance:com.crm.qa.testcases.ContactsPageTest@1d9b7cce]" started-at="2024-04-08T17:43:58 EDT" name="tearDown" finished-at="2024-04-08T17:43:59 EDT" duration-ms="864" status="PASS">
          <reporter-output>
          </reporter-output>
        </test-method> <!-- tearDown -->
        <test-method is-config="true" signature="setUp()[pri:0, instance:com.crm.qa.testcases.ContactsPageTest@1d9b7cce]" started-at="2024-04-08T17:44:00 EDT" name="setUp" finished-at="2024-04-08T17:44:19 EDT" duration-ms="19126" status="PASS">
          <reporter-output>
          </reporter-output>
        </test-method> <!-- setUp -->
        <test-method signature="validateCreateNewContact(java.lang.String,java.lang.String)[pri:3, instance:com.crm.qa.testcases.ContactsPageTest@1d9b7cce]" started-at="2024-04-08T17:44:19 EDT" name="validateCreateNewContact" data-provider="getCRMTestData" finished-at="2024-04-08T17:44:21 EDT" duration-ms="1550" status="PASS">
          <params>
            <param index="0">
              <value>
                <![CDATA[George]]>
              </value>
            </param>
            <param index="1">
              <value>
                <![CDATA[Bush]]>
              </value>
            </param>
          </params>
          <reporter-output>
          </reporter-output>
        </test-method> <!-- validateCreateNewContact -->
        <test-method is-config="true" signature="tearDown()[pri:0, instance:com.crm.qa.testcases.ContactsPageTest@1d9b7cce]" started-at="2024-04-08T17:44:21 EDT" name="tearDown" finished-at="2024-04-08T17:44:22 EDT" duration-ms="880" status="PASS">
          <reporter-output>
          </reporter-output>
        </test-method> <!-- tearDown -->
        <test-method is-config="true" signature="setUp()[pri:0, instance:com.crm.qa.testcases.ContactsPageTest@1d9b7cce]" started-at="2024-04-08T17:44:22 EDT" name="setUp" finished-at="2024-04-08T17:44:40 EDT" duration-ms="18595" status="PASS">
          <reporter-output>
          </reporter-output>
        </test-method> <!-- setUp -->
        <test-method signature="validateCreateNewContact(java.lang.String,java.lang.String)[pri:3, instance:com.crm.qa.testcases.ContactsPageTest@1d9b7cce]" started-at="2024-04-08T17:44:40 EDT" name="validateCreateNewContact" data-provider="getCRMTestData" finished-at="2024-04-08T17:44:42 EDT" duration-ms="1407" status="PASS">
          <params>
            <param index="0">
              <value>
                <![CDATA[David ]]>
              </value>
            </param>
            <param index="1">
              <value>
                <![CDATA[Chris]]>
              </value>
            </param>
          </params>
          <reporter-output>
          </reporter-output>
        </test-method> <!-- validateCreateNewContact -->
        <test-method is-config="true" signature="tearDown()[pri:0, instance:com.crm.qa.testcases.ContactsPageTest@1d9b7cce]" started-at="2024-04-08T17:44:42 EDT" name="tearDown" finished-at="2024-04-08T17:44:42 EDT" duration-ms="844" status="PASS">
          <reporter-output>
          </reporter-output>
        </test-method> <!-- tearDown -->
      </class> <!-- com.crm.qa.testcases.ContactsPageTest -->
      <class name="com.crm.qa.testcases.LoginPageTest">
        <test-method is-config="true" signature="setUp()[pri:0, instance:com.crm.qa.testcases.LoginPageTest@515aebb0]" started-at="2024-04-08T17:45:19 EDT" name="setUp" finished-at="2024-04-08T17:45:27 EDT" duration-ms="7569" status="PASS">
          <reporter-output>
          </reporter-output>
        </test-method> <!-- setUp -->
        <test-method signature="loginPageTitleTest()[pri:1, instance:com.crm.qa.testcases.LoginPageTest@515aebb0]" started-at="2024-04-08T17:45:27 EDT" name="loginPageTitleTest" finished-at="2024-04-08T17:45:29 EDT" duration-ms="2509" status="PASS">
          <reporter-output>
          </reporter-output>
        </test-method> <!-- loginPageTitleTest -->
        <test-method is-config="true" signature="tearDown()[pri:0, instance:com.crm.qa.testcases.LoginPageTest@515aebb0]" started-at="2024-04-08T17:45:29 EDT" name="tearDown" finished-at="2024-04-08T17:45:30 EDT" duration-ms="820" status="PASS">
          <reporter-output>
          </reporter-output>
        </test-method> <!-- tearDown -->
        <test-method is-config="true" signature="setUp()[pri:0, instance:com.crm.qa.testcases.LoginPageTest@515aebb0]" started-at="2024-04-08T17:45:30 EDT" name="setUp" finished-at="2024-04-08T17:45:37 EDT" duration-ms="7406" status="PASS">
          <reporter-output>
          </reporter-output>
        </test-method> <!-- setUp -->
        <test-method signature="loginTest()[pri:2, instance:com.crm.qa.testcases.LoginPageTest@515aebb0]" started-at="2024-04-08T17:45:37 EDT" name="loginTest" finished-at="2024-04-08T17:45:41 EDT" duration-ms="3103" status="PASS">
          <reporter-output>
          </reporter-output>
        </test-method> <!-- loginTest -->
        <test-method is-config="true" signature="tearDown()[pri:0, instance:com.crm.qa.testcases.LoginPageTest@515aebb0]" started-at="2024-04-08T17:45:41 EDT" name="tearDown" finished-at="2024-04-08T17:45:41 EDT" duration-ms="821" status="PASS">
          <reporter-output>
          </reporter-output>
        </test-method> <!-- tearDown -->
      </class> <!-- com.crm.qa.testcases.LoginPageTest -->
    </test> <!-- Free CRM Test cases -->
  </suite> <!-- Free CRM Automation test suite -->
</testng-results>
